src/lib/services/supabase/supabase.ts(212,36): error TS2769: No overload matches this call.
  Overload 1 of 2, '(predicate: (value: unknown, index: number, obj: unknown[]) => value is unknown, thisArg?: any): unknown', gave the following error.
    Argument of type '(t: TokenDB) => boolean' is not assignable to parameter of type '(value: unknown, index: number, obj: unknown[]) => value is unknown'.
      Types of parameters 't' and 'value' are incompatible.
        Type 'unknown' is not assignable to type 'TokenDB'.
  Overload 2 of 2, '(predicate: (value: unknown, index: number, obj: unknown[]) => unknown, thisArg?: any): unknown', gave the following error.
    Argument of type '(t: TokenDB) => boolean' is not assignable to parameter of type '(value: unknown, index: number, obj: unknown[]) => unknown'.
      Types of parameters 't' and 'value' are incompatible.
        Type 'unknown' is not assignable to type 'TokenDB'.
src/pages/TokenDetails/TokenDetails.tsx(61,26): error TS2345: Argument of type '{} | null' is not assignable to parameter of type 'SetStateAction<TokenDB | null>'.
  Type '{}' is not assignable to type 'SetStateAction<TokenDB | null>'.
